app/build/intermediates/manifest_merge_blame_file/debug/manifest-merger-blame-debug-report.txt
1<?xml version="1.0" encoding="utf-8"?>
2<manifest xmlns:android="http://schemas.android.com/apk/res/android"
3    package="com.kidsim.tvkiosk"
4    android:versionCode="2"
5    android:versionName="1.1" >
6
7    <uses-sdk
8        android:minSdkVersion="30"
9        android:targetSdkVersion="34" />
10
11    <!-- Internet permission for WebView -->
12    <uses-permission android:name="android.permission.INTERNET" />
12-->src\main\AndroidManifest.xml:7:5-67
12-->src\main\AndroidManifest.xml:7:22-64
13    <uses-permission android:name="android.permission.ACCESS_NETWORK_STATE" />
13-->src\main\AndroidManifest.xml:8:5-79
13-->src\main\AndroidManifest.xml:8:22-76
14
15    <!-- Permissions for auto-start functionality -->
16    <uses-permission android:name="android.permission.RECEIVE_BOOT_COMPLETED" />
16-->src\main\AndroidManifest.xml:11:5-81
16-->src\main\AndroidManifest.xml:11:22-78
17    <uses-permission android:name="android.permission.SYSTEM_ALERT_WINDOW" />
17-->src\main\AndroidManifest.xml:12:5-78
17-->src\main\AndroidManifest.xml:12:22-75
18    <uses-permission android:name="android.permission.WAKE_LOCK" />
18-->src\main\AndroidManifest.xml:13:5-68
18-->src\main\AndroidManifest.xml:13:22-65
19
20    <!-- Permissions for downloading APK updates -->
21    <uses-permission android:name="android.permission.WRITE_EXTERNAL_STORAGE" />
21-->src\main\AndroidManifest.xml:16:5-81
21-->src\main\AndroidManifest.xml:16:22-78
22    <uses-permission android:name="android.permission.READ_EXTERNAL_STORAGE" />
22-->src\main\AndroidManifest.xml:17:5-80
22-->src\main\AndroidManifest.xml:17:22-77
23    <uses-permission android:name="android.permission.REQUEST_INSTALL_PACKAGES" />
23-->src\main\AndroidManifest.xml:18:5-83
23-->src\main\AndroidManifest.xml:18:22-80
24
25    <!-- Required feature for Android TV -->
26    <uses-feature
26-->src\main\AndroidManifest.xml:21:5-23:35
27        android:name="android.software.leanback"
27-->src\main\AndroidManifest.xml:22:9-49
28        android:required="true" />
28-->src\main\AndroidManifest.xml:23:9-32
29
30    <!-- Declare this app is for TV -->
31    <uses-feature
31-->src\main\AndroidManifest.xml:26:5-28:36
32        android:name="android.hardware.touchscreen"
32-->src\main\AndroidManifest.xml:27:9-52
33        android:required="false" />
33-->src\main\AndroidManifest.xml:28:9-33
34
35    <application
35-->src\main\AndroidManifest.xml:30:5-98:19
36        android:allowBackup="true"
36-->src\main\AndroidManifest.xml:31:9-35
37        android:appComponentFactory="androidx.core.app.CoreComponentFactory"
37-->[androidx.core:core:1.0.0] AndroidManifest.xml:22:18-86
38        android:banner="@drawable/app_banner"
38-->src\main\AndroidManifest.xml:32:9-46
39        android:debuggable="true"
40        android:extractNativeLibs="false"
41        android:icon="@drawable/app_icon"
41-->src\main\AndroidManifest.xml:33:9-42
42        android:label="@string/app_name"
42-->src\main\AndroidManifest.xml:34:9-41
43        android:theme="@style/Theme.Leanback.Browse" >
43-->src\main\AndroidManifest.xml:35:9-53
44        <activity
44-->src\main\AndroidManifest.xml:38:9-51:20
45            android:name="com.kidsim.tvkiosk.MainActivity"
45-->src\main\AndroidManifest.xml:39:13-41
46            android:configChanges="orientation|keyboardHidden|screenSize"
46-->src\main\AndroidManifest.xml:43:13-74
47            android:exported="true"
47-->src\main\AndroidManifest.xml:40:13-36
48            android:label="Kiosk"
48-->src\main\AndroidManifest.xml:44:13-34
49            android:launchMode="singleTask"
49-->src\main\AndroidManifest.xml:42:13-44
50            android:screenOrientation="sensor" >
50-->src\main\AndroidManifest.xml:41:13-47
51            <intent-filter>
51-->src\main\AndroidManifest.xml:46:13-50:29
52                <action android:name="android.intent.action.MAIN" />
52-->src\main\AndroidManifest.xml:47:17-69
52-->src\main\AndroidManifest.xml:47:25-66
53
54                <category android:name="android.intent.category.LAUNCHER" />
54-->src\main\AndroidManifest.xml:48:17-77
54-->src\main\AndroidManifest.xml:48:27-74
55                <category android:name="android.intent.category.LEANBACK_LAUNCHER" />
55-->src\main\AndroidManifest.xml:49:17-86
55-->src\main\AndroidManifest.xml:49:27-83
56            </intent-filter>
57        </activity>
58        <activity
58-->src\main\AndroidManifest.xml:53:9-67:20
59            android:name="com.kidsim.tvkiosk.UpdateActivity"
59-->src\main\AndroidManifest.xml:54:13-43
60            android:exported="true"
60-->src\main\AndroidManifest.xml:55:13-36
61            android:icon="@drawable/update_icon"
61-->src\main\AndroidManifest.xml:59:13-49
62            android:label="Kiosk Update"
62-->src\main\AndroidManifest.xml:58:13-41
63            android:launchMode="singleTask"
63-->src\main\AndroidManifest.xml:57:13-44
64            android:screenOrientation="sensor"
64-->src\main\AndroidManifest.xml:56:13-47
65            android:theme="@style/UpdateActivityTheme" >
65-->src\main\AndroidManifest.xml:60:13-55
66            <intent-filter>
66-->src\main\AndroidManifest.xml:46:13-50:29
67                <action android:name="android.intent.action.MAIN" />
67-->src\main\AndroidManifest.xml:47:17-69
67-->src\main\AndroidManifest.xml:47:25-66
68
69                <category android:name="android.intent.category.LAUNCHER" />
69-->src\main\AndroidManifest.xml:48:17-77
69-->src\main\AndroidManifest.xml:48:27-74
70                <category android:name="android.intent.category.LEANBACK_LAUNCHER" />
70-->src\main\AndroidManifest.xml:49:17-86
70-->src\main\AndroidManifest.xml:49:27-83
71            </intent-filter>
72        </activity>
73
74        <!-- Boot receiver for auto-start functionality -->
75        <receiver
75-->src\main\AndroidManifest.xml:70:9-80:20
76            android:name="com.kidsim.tvkiosk.BootReceiver"
76-->src\main\AndroidManifest.xml:71:13-41
77            android:enabled="true"
77-->src\main\AndroidManifest.xml:72:13-35
78            android:exported="true" >
78-->src\main\AndroidManifest.xml:73:13-36
79            <intent-filter android:priority="1000" >
79-->src\main\AndroidManifest.xml:74:13-79:29
79-->src\main\AndroidManifest.xml:74:28-51
80                <action android:name="android.intent.action.BOOT_COMPLETED" />
80-->src\main\AndroidManifest.xml:75:17-79
80-->src\main\AndroidManifest.xml:75:25-76
81                <action android:name="android.intent.action.MY_PACKAGE_REPLACED" />
81-->src\main\AndroidManifest.xml:76:17-84
81-->src\main\AndroidManifest.xml:76:25-81
82                <action android:name="android.intent.action.PACKAGE_REPLACED" />
82-->src\main\AndroidManifest.xml:77:17-81
82-->src\main\AndroidManifest.xml:77:25-78
83
84                <data android:scheme="package" />
84-->src\main\AndroidManifest.xml:78:17-50
84-->src\main\AndroidManifest.xml:78:23-47
85            </intent-filter>
86        </receiver>
87
88        <!-- Watchdog service for app stability -->
89        <service
89-->src\main\AndroidManifest.xml:83:9-86:40
90            android:name="com.kidsim.tvkiosk.service.WatchdogService"
90-->src\main\AndroidManifest.xml:84:13-52
91            android:enabled="true"
91-->src\main\AndroidManifest.xml:85:13-35
92            android:exported="false" />
92-->src\main\AndroidManifest.xml:86:13-37
93
94        <!-- FileProvider for APK installation on Android 11+ -->
95        <provider
95-->src\main\AndroidManifest.xml:89:9-97:20
96            android:name="androidx.core.content.FileProvider"
96-->src\main\AndroidManifest.xml:90:13-62
97            android:authorities="com.kidsim.tvkiosk.fileprovider"
97-->src\main\AndroidManifest.xml:91:13-66
98            android:exported="false"
98-->src\main\AndroidManifest.xml:92:13-37
99            android:grantUriPermissions="true" >
99-->src\main\AndroidManifest.xml:93:13-47
100            <meta-data
100-->src\main\AndroidManifest.xml:94:13-96:63
101                android:name="android.support.FILE_PROVIDER_PATHS"
101-->src\main\AndroidManifest.xml:95:17-67
102                android:resource="@xml/file_provider_paths" />
102-->src\main\AndroidManifest.xml:96:17-60
103        </provider>
104    </application>
105
106</manifest>